<?xml version="1.0" encoding="UTF-8"?>
<!-- Generated by org.testng.reporters.JUnitXMLReporter -->
<testsuite hostname="FF-DSK-42" ignored="0" name="Default test" tests="7" failures="1" timestamp="2019-10-01T17:46:33 IST" time="315.12" errors="0">
  <testcase name="EnquiryCreation" time="14.574" classname="FFWebapp.FFAutomation.AppTest">
    <failure type="org.openqa.selenium.ElementClickInterceptedException" message="element click intercepted: Element &amp;lt;input type=&amp;quot;text&amp;quot; id=&amp;quot;meco_SecondMobileNo&amp;quot; name=&amp;quot;meco_SecondMobileNo_Required&amp;quot; class=&amp;quot;input-red-smp pad3 margleft5&amp;quot; style=&amp;quot;width: 78px;&amp;quot; onblur=&amp;quot;CheckValue_textbox(this);&amp;quot; value=&amp;quot;&amp;quot;&amp;gt; is not clickable at point (520, 734). Other element would receive the click: &amp;lt;div class=&amp;quot;ui-widget-overlay&amp;quot; style=&amp;quot;width: 1583px; height: 1897px; z-index: 1001;&amp;quot;&amp;gt;&amp;lt;/div&amp;gt;
  (Session info: chrome=77.0.3865.90)
Build info: version: &amp;apos;3.141.59&amp;apos;, revision: &amp;apos;e82be7d358&amp;apos;, time: &amp;apos;2018-11-14T08:17:03&amp;apos;
System info: host: &amp;apos;FF-DSK-42&amp;apos;, ip: &amp;apos;192.168.1.90&amp;apos;, os.name: &amp;apos;Windows 10&amp;apos;, os.arch: &amp;apos;amd64&amp;apos;, os.version: &amp;apos;10.0&amp;apos;, java.version: &amp;apos;1.8.0_221&amp;apos;
Driver info: org.openqa.selenium.chrome.ChromeDriver
Capabilities {acceptInsecureCerts: false, browserName: chrome, browserVersion: 77.0.3865.90, chrome: {chromedriverVersion: 76.0.3809.126 (d80a294506b4..., userDataDir: C:\Users\Sunil\AppData\Loca...}, goog:chromeOptions: {debuggerAddress: localhost:63330}, javascriptEnabled: true, networkConnectionEnabled: false, pageLoadStrategy: normal, platform: XP, platformName: XP, proxy: Proxy(), setWindowRect: true, strictFileInteractability: false, timeouts: {implicit: 0, pageLoad: 300000, script: 30000}, unhandledPromptBehavior: dismiss and notify}
Session ID: 30662aeac8d86b90f0f40eece635fb54">
      <![CDATA[org.openqa.selenium.ElementClickInterceptedException: element click intercepted: Element <input type="text" id="meco_SecondMobileNo" name="meco_SecondMobileNo_Required" class="input-red-smp pad3 margleft5" style="width: 78px;" onblur="CheckValue_textbox(this);" value=""> is not clickable at point (520, 734). Other element would receive the click: <div class="ui-widget-overlay" style="width: 1583px; height: 1897px; z-index: 1001;"></div>
  (Session info: chrome=77.0.3865.90)
Build info: version: '3.141.59', revision: 'e82be7d358', time: '2018-11-14T08:17:03'
System info: host: 'FF-DSK-42', ip: '192.168.1.90', os.name: 'Windows 10', os.arch: 'amd64', os.version: '10.0', java.version: '1.8.0_221'
Driver info: org.openqa.selenium.chrome.ChromeDriver
Capabilities {acceptInsecureCerts: false, browserName: chrome, browserVersion: 77.0.3865.90, chrome: {chromedriverVersion: 76.0.3809.126 (d80a294506b4..., userDataDir: C:\Users\Sunil\AppData\Loca...}, goog:chromeOptions: {debuggerAddress: localhost:63330}, javascriptEnabled: true, networkConnectionEnabled: false, pageLoadStrategy: normal, platform: XP, platformName: XP, proxy: Proxy(), setWindowRect: true, strictFileInteractability: false, timeouts: {implicit: 0, pageLoad: 300000, script: 30000}, unhandledPromptBehavior: dismiss and notify}
Session ID: 30662aeac8d86b90f0f40eece635fb54
at sun.reflect.NativeConstructorAccessorImpl.newInstance0(Native Method)
at sun.reflect.NativeConstructorAccessorImpl.newInstance(Unknown Source)
at sun.reflect.DelegatingConstructorAccessorImpl.newInstance(Unknown Source)
at java.lang.reflect.Constructor.newInstance(Unknown Source)
at org.openqa.selenium.remote.http.W3CHttpResponseCodec.createException(W3CHttpResponseCodec.java:187)
at org.openqa.selenium.remote.http.W3CHttpResponseCodec.decode(W3CHttpResponseCodec.java:122)
at org.openqa.selenium.remote.http.W3CHttpResponseCodec.decode(W3CHttpResponseCodec.java:49)
at org.openqa.selenium.remote.HttpCommandExecutor.execute(HttpCommandExecutor.java:158)
at org.openqa.selenium.remote.service.DriverCommandExecutor.execute(DriverCommandExecutor.java:83)
at org.openqa.selenium.remote.RemoteWebDriver.execute(RemoteWebDriver.java:552)
at org.openqa.selenium.remote.RemoteWebElement.execute(RemoteWebElement.java:285)
at org.openqa.selenium.remote.RemoteWebElement.click(RemoteWebElement.java:84)
at FFWebapp.Functions.ClientForm.formfilling(ClientForm.java:397)
at FFWebapp.FFAutomation.AppTest.EnquiryCreation(AppTest.java:35)
at sun.reflect.NativeMethodAccessorImpl.invoke0(Native Method)
at sun.reflect.NativeMethodAccessorImpl.invoke(Unknown Source)
at sun.reflect.DelegatingMethodAccessorImpl.invoke(Unknown Source)
at java.lang.reflect.Method.invoke(Unknown Source)
at org.testng.internal.MethodInvocationHelper.invokeMethod(MethodInvocationHelper.java:133)
at org.testng.internal.TestInvoker.invokeMethod(TestInvoker.java:584)
at org.testng.internal.TestInvoker.invokeTestMethod(TestInvoker.java:172)
at org.testng.internal.MethodRunner.runInSequence(MethodRunner.java:46)
at org.testng.internal.TestInvoker$MethodInvocationAgent.invoke(TestInvoker.java:804)
at org.testng.internal.TestInvoker.invokeTestMethods(TestInvoker.java:145)
at org.testng.internal.TestMethodWorker.invokeTestMethods(TestMethodWorker.java:146)
at org.testng.internal.TestMethodWorker.run(TestMethodWorker.java:128)
at java.util.ArrayList.forEach(Unknown Source)
at org.testng.TestRunner.privateRun(TestRunner.java:770)
at org.testng.TestRunner.run(TestRunner.java:591)
at org.testng.SuiteRunner.runTest(SuiteRunner.java:402)
at org.testng.SuiteRunner.runSequentially(SuiteRunner.java:396)
at org.testng.SuiteRunner.privateRun(SuiteRunner.java:355)
at org.testng.SuiteRunner.run(SuiteRunner.java:304)
at org.testng.SuiteRunnerWorker.runSuite(SuiteRunnerWorker.java:53)
at org.testng.SuiteRunnerWorker.run(SuiteRunnerWorker.java:96)
at org.testng.TestNG.runSuitesSequentially(TestNG.java:1180)
at org.testng.TestNG.runSuitesLocally(TestNG.java:1102)
at org.testng.TestNG.runSuites(TestNG.java:1032)
at org.testng.TestNG.run(TestNG.java:1000)
at org.testng.remote.AbstractRemoteTestNG.run(AbstractRemoteTestNG.java:115)
at org.testng.remote.RemoteTestNG.initAndRun(RemoteTestNG.java:251)
at org.testng.remote.RemoteTestNG.main(RemoteTestNG.java:77)
]]>
    </failure>
  </testcase> <!-- EnquiryCreation -->
  <testcase name="MemberCreation" time="81.098" classname="FFWebapp.FFAutomation.AppTest"/>
  <testcase name="trialbill" time="52.446" classname="FFWebapp.FFAutomation.AppTest"/>
  <testcase name="UserCreation" time="20.407" classname="FFWebapp.FFAutomation.AppTest"/>
  <testcase name="Userassigntemplate" time="17.729" classname="FFWebapp.FFAutomation.AppTest"/>
  <testcase name="EditUser" time="13.227" classname="FFWebapp.FFAutomation.AppTest"/>
  <testcase name="AccessTEM" time="115.587" classname="FFWebapp.FFAutomation.AppTest"/>
</testsuite> <!-- Default test -->
