<?xml version="1.0" encoding="UTF-8"?>
<testng-results skipped="0" failed="1" ignored="0" total="7" passed="6">
  <reporter-output>
  </reporter-output>
  <suite name="Default suite" duration-ms="315120" started-at="2019-10-01T17:41:18 IST" finished-at="2019-10-01T17:46:33 IST">
    <groups>
    </groups>
    <test name="Default test" duration-ms="315120" started-at="2019-10-01T17:41:18 IST" finished-at="2019-10-01T17:46:33 IST">
      <class name="FFWebapp.FFAutomation.AppTest">
        <test-method status="PASS" signature="startUp()[pri:0, instance:FFWebapp.FFAutomation.AppTest@32709393]" name="startUp" is-config="true" duration-ms="15288" started-at="2019-10-01T17:41:03 IST" finished-at="2019-10-01T17:41:18 IST">
          <reporter-output>
          </reporter-output>
        </test-method> <!-- startUp -->
        <test-method status="FAIL" signature="EnquiryCreation()[pri:1, instance:FFWebapp.FFAutomation.AppTest@32709393]" name="EnquiryCreation" duration-ms="14574" started-at="2019-10-01T17:41:18 IST" finished-at="2019-10-01T17:41:32 IST">
          <exception class="org.openqa.selenium.ElementClickInterceptedException">
            <message>
              <![CDATA[element click intercepted: Element <input type="text" id="meco_SecondMobileNo" name="meco_SecondMobileNo_Required" class="input-red-smp pad3 margleft5" style="width: 78px;" onblur="CheckValue_textbox(this);" value=""> is not clickable at point (520, 734). Other element would receive the click: <div class="ui-widget-overlay" style="width: 1583px; height: 1897px; z-index: 1001;"></div>
  (Session info: chrome=77.0.3865.90)
Build info: version: '3.141.59', revision: 'e82be7d358', time: '2018-11-14T08:17:03'
System info: host: 'FF-DSK-42', ip: '192.168.1.90', os.name: 'Windows 10', os.arch: 'amd64', os.version: '10.0', java.version: '1.8.0_221'
Driver info: org.openqa.selenium.chrome.ChromeDriver
Capabilities {acceptInsecureCerts: false, browserName: chrome, browserVersion: 77.0.3865.90, chrome: {chromedriverVersion: 76.0.3809.126 (d80a294506b4..., userDataDir: C:\Users\Sunil\AppData\Loca...}, goog:chromeOptions: {debuggerAddress: localhost:63330}, javascriptEnabled: true, networkConnectionEnabled: false, pageLoadStrategy: normal, platform: XP, platformName: XP, proxy: Proxy(), setWindowRect: true, strictFileInteractability: false, timeouts: {implicit: 0, pageLoad: 300000, script: 30000}, unhandledPromptBehavior: dismiss and notify}
Session ID: 30662aeac8d86b90f0f40eece635fb54]]>
            </message>
            <full-stacktrace>
              <![CDATA[org.openqa.selenium.ElementClickInterceptedException: element click intercepted: Element <input type="text" id="meco_SecondMobileNo" name="meco_SecondMobileNo_Required" class="input-red-smp pad3 margleft5" style="width: 78px;" onblur="CheckValue_textbox(this);" value=""> is not clickable at point (520, 734). Other element would receive the click: <div class="ui-widget-overlay" style="width: 1583px; height: 1897px; z-index: 1001;"></div>
  (Session info: chrome=77.0.3865.90)
Build info: version: '3.141.59', revision: 'e82be7d358', time: '2018-11-14T08:17:03'
System info: host: 'FF-DSK-42', ip: '192.168.1.90', os.name: 'Windows 10', os.arch: 'amd64', os.version: '10.0', java.version: '1.8.0_221'
Driver info: org.openqa.selenium.chrome.ChromeDriver
Capabilities {acceptInsecureCerts: false, browserName: chrome, browserVersion: 77.0.3865.90, chrome: {chromedriverVersion: 76.0.3809.126 (d80a294506b4..., userDataDir: C:\Users\Sunil\AppData\Loca...}, goog:chromeOptions: {debuggerAddress: localhost:63330}, javascriptEnabled: true, networkConnectionEnabled: false, pageLoadStrategy: normal, platform: XP, platformName: XP, proxy: Proxy(), setWindowRect: true, strictFileInteractability: false, timeouts: {implicit: 0, pageLoad: 300000, script: 30000}, unhandledPromptBehavior: dismiss and notify}
Session ID: 30662aeac8d86b90f0f40eece635fb54
at sun.reflect.NativeConstructorAccessorImpl.newInstance0(Native Method)
at sun.reflect.NativeConstructorAccessorImpl.newInstance(Unknown Source)
at sun.reflect.DelegatingConstructorAccessorImpl.newInstance(Unknown Source)
at java.lang.reflect.Constructor.newInstance(Unknown Source)
at org.openqa.selenium.remote.http.W3CHttpResponseCodec.createException(W3CHttpResponseCodec.java:187)
at org.openqa.selenium.remote.http.W3CHttpResponseCodec.decode(W3CHttpResponseCodec.java:122)
at org.openqa.selenium.remote.http.W3CHttpResponseCodec.decode(W3CHttpResponseCodec.java:49)
at org.openqa.selenium.remote.HttpCommandExecutor.execute(HttpCommandExecutor.java:158)
at org.openqa.selenium.remote.service.DriverCommandExecutor.execute(DriverCommandExecutor.java:83)
at org.openqa.selenium.remote.RemoteWebDriver.execute(RemoteWebDriver.java:552)
at org.openqa.selenium.remote.RemoteWebElement.execute(RemoteWebElement.java:285)
at org.openqa.selenium.remote.RemoteWebElement.click(RemoteWebElement.java:84)
at FFWebapp.Functions.ClientForm.formfilling(ClientForm.java:397)
at FFWebapp.FFAutomation.AppTest.EnquiryCreation(AppTest.java:35)
at sun.reflect.NativeMethodAccessorImpl.invoke0(Native Method)
at sun.reflect.NativeMethodAccessorImpl.invoke(Unknown Source)
at sun.reflect.DelegatingMethodAccessorImpl.invoke(Unknown Source)
at java.lang.reflect.Method.invoke(Unknown Source)
at org.testng.internal.MethodInvocationHelper.invokeMethod(MethodInvocationHelper.java:133)
at org.testng.internal.TestInvoker.invokeMethod(TestInvoker.java:584)
at org.testng.internal.TestInvoker.invokeTestMethod(TestInvoker.java:172)
at org.testng.internal.MethodRunner.runInSequence(MethodRunner.java:46)
at org.testng.internal.TestInvoker$MethodInvocationAgent.invoke(TestInvoker.java:804)
at org.testng.internal.TestInvoker.invokeTestMethods(TestInvoker.java:145)
at org.testng.internal.TestMethodWorker.invokeTestMethods(TestMethodWorker.java:146)
at org.testng.internal.TestMethodWorker.run(TestMethodWorker.java:128)
at java.util.ArrayList.forEach(Unknown Source)
at org.testng.TestRunner.privateRun(TestRunner.java:770)
at org.testng.TestRunner.run(TestRunner.java:591)
at org.testng.SuiteRunner.runTest(SuiteRunner.java:402)
at org.testng.SuiteRunner.runSequentially(SuiteRunner.java:396)
at org.testng.SuiteRunner.privateRun(SuiteRunner.java:355)
at org.testng.SuiteRunner.run(SuiteRunner.java:304)
at org.testng.SuiteRunnerWorker.runSuite(SuiteRunnerWorker.java:53)
at org.testng.SuiteRunnerWorker.run(SuiteRunnerWorker.java:96)
at org.testng.TestNG.runSuitesSequentially(TestNG.java:1180)
at org.testng.TestNG.runSuitesLocally(TestNG.java:1102)
at org.testng.TestNG.runSuites(TestNG.java:1032)
at org.testng.TestNG.run(TestNG.java:1000)
at org.testng.remote.AbstractRemoteTestNG.run(AbstractRemoteTestNG.java:115)
at org.testng.remote.RemoteTestNG.initAndRun(RemoteTestNG.java:251)
at org.testng.remote.RemoteTestNG.main(RemoteTestNG.java:77)
]]>
            </full-stacktrace>
          </exception> <!-- org.openqa.selenium.ElementClickInterceptedException -->
          <reporter-output>
          </reporter-output>
        </test-method> <!-- EnquiryCreation -->
        <test-method status="PASS" signature="MemberCreation()[pri:2, instance:FFWebapp.FFAutomation.AppTest@32709393]" name="MemberCreation" duration-ms="81098" started-at="2019-10-01T17:41:32 IST" finished-at="2019-10-01T17:42:54 IST">
          <reporter-output>
          </reporter-output>
        </test-method> <!-- MemberCreation -->
        <test-method status="PASS" signature="trialbill()[pri:3, instance:FFWebapp.FFAutomation.AppTest@32709393]" name="trialbill" duration-ms="52446" started-at="2019-10-01T17:42:54 IST" finished-at="2019-10-01T17:43:46 IST">
          <reporter-output>
          </reporter-output>
        </test-method> <!-- trialbill -->
        <test-method status="PASS" signature="UserCreation()[pri:4, instance:FFWebapp.FFAutomation.AppTest@32709393]" name="UserCreation" duration-ms="20407" started-at="2019-10-01T17:43:46 IST" finished-at="2019-10-01T17:44:06 IST">
          <reporter-output>
          </reporter-output>
        </test-method> <!-- UserCreation -->
        <test-method status="PASS" signature="Userassigntemplate()[pri:5, instance:FFWebapp.FFAutomation.AppTest@32709393]" name="Userassigntemplate" duration-ms="17729" started-at="2019-10-01T17:44:06 IST" finished-at="2019-10-01T17:44:24 IST">
          <reporter-output>
          </reporter-output>
        </test-method> <!-- Userassigntemplate -->
        <test-method status="PASS" signature="EditUser()[pri:6, instance:FFWebapp.FFAutomation.AppTest@32709393]" name="EditUser" duration-ms="13227" started-at="2019-10-01T17:44:24 IST" finished-at="2019-10-01T17:44:37 IST">
          <reporter-output>
          </reporter-output>
        </test-method> <!-- EditUser -->
        <test-method status="PASS" signature="AccessTEM()[pri:7, instance:FFWebapp.FFAutomation.AppTest@32709393]" name="AccessTEM" duration-ms="115587" started-at="2019-10-01T17:44:37 IST" finished-at="2019-10-01T17:46:33 IST">
          <reporter-output>
          </reporter-output>
        </test-method> <!-- AccessTEM -->
      </class> <!-- FFWebapp.FFAutomation.AppTest -->
    </test> <!-- Default test -->
  </suite> <!-- Default suite -->
</testng-results>
