<?xml version="1.0" encoding="UTF-8"?>
<testng-results skipped="0" failed="0" ignored="0" total="1" passed="1">
  <reporter-output>
  </reporter-output>
  <suite name="Default suite" duration-ms="72832" started-at="2019-10-01T19:18:33 IST" finished-at="2019-10-01T19:19:46 IST">
    <groups>
    </groups>
    <test name="Default test" duration-ms="72832" started-at="2019-10-01T19:18:33 IST" finished-at="2019-10-01T19:19:46 IST">
      <class name="FFWebapp.FFAutomation.AppTest">
        <test-method status="PASS" signature="startUp()[pri:0, instance:FFWebapp.FFAutomation.AppTest@32709393]" name="startUp" is-config="true" duration-ms="15246" started-at="2019-10-01T19:18:18 IST" finished-at="2019-10-01T19:18:33 IST">
          <reporter-output>
          </reporter-output>
        </test-method> <!-- startUp -->
        <test-method status="PASS" signature="MemberCreation()[pri:2, instance:FFWebapp.FFAutomation.AppTest@32709393]" name="MemberCreation" duration-ms="72796" started-at="2019-10-01T19:18:33 IST" finished-at="2019-10-01T19:19:46 IST">
          <reporter-output>
          </reporter-output>
        </test-method> <!-- MemberCreation -->
      </class> <!-- FFWebapp.FFAutomation.AppTest -->
    </test> <!-- Default test -->
  </suite> <!-- Default suite -->
</testng-results>
